<?xml version="1.0" encoding="UTF-8"?>
<!-- Generated by org.testng.reporters.JUnitXMLReporter -->
<testsuite ignored="1" hostname="Syeds-MBP" failures="0" tests="4" name="Test" time="3.138" errors="0" timestamp="28 May 2023 05:39:11 GMT">
  <testcase classname="test.HomePageTest" name="hpTest" time="0.116"/>
  <testcase classname="test.CreatePageTest" name="createAccountPageTest" time="0.878"/>
  <testcase classname="test.CreatePageTest" name="createAccountPageTest" time="0.815"/>
  <testcase classname="test.CreatePageTest" name="createAccountPageTest" time="0.769"/>
  <testcase classname="test.BaseTest" name="@BeforeSuite setUp" time="0.0">
    <ignored/>
  </testcase> <!-- @BeforeSuite setUp -->
</testsuite> <!-- Test -->
